<?xml version="1.0" encoding="UTF-8"?>
<!-- Generated by org.testng.reporters.JUnitXMLReporter -->
<testsuite hostname="Rk-PC" name="Default test" tests="4" failures="0" timestamp="1 Jul 2014 10:15:07 GMT" time="92.816" errors="0">
  <testcase name="createNewInvoice" time="14.493" classname="com.Xero.Tests.Task2"/>
  <testcase name="emptyFieldValidation" time="11.1" classname="com.Xero.Tests.Task2"/>
  <testcase name="itemDropDownValidation" time="3.917" classname="com.Xero.Tests.Task2"/>
  <testcase name="tablevalidation" time="6.453" classname="com.Xero.Tests.Task2"/>
</testsuite> <!-- Default test -->
