<?xml version="1.0" encoding="UTF-8"?>
<!-- Generated by org.testng.reporters.JUnitXMLReporter -->
<testsuite hostname="Rk-PC" name="Default test" tests="4" failures="0" timestamp="1 Jul 2014 04:06:25 GMT" time="80.649" errors="0">
  <testcase name="createNewInvoice" time="10.859" classname="com.Xero.Tests.Task2"/>
  <testcase name="emptyFieldValidation" time="11.32" classname="com.Xero.Tests.Task2"/>
  <testcase name="itemDropDownValidation" time="4.438" classname="com.Xero.Tests.Task2"/>
  <testcase name="tablevalidation" time="6.195" classname="com.Xero.Tests.Task2"/>
</testsuite> <!-- Default test -->
